[2021-06-30 20:59:31,162] multiqc                                            [DEBUG  ]  No MultiQC config found: /usr/local/lib/python3.7/dist-packages/multiqc_config.yaml
[2021-06-30 20:59:31,163] multiqc                                            [DEBUG  ]  No MultiQC config found: /home/jboatw2/.multiqc_config.yaml
[2021-06-30 20:59:31,163] multiqc                                            [DEBUG  ]  No MultiQC config found: multiqc_config.yaml
[2021-06-30 20:59:31,163] multiqc                                            [DEBUG  ]  Command used: /usr/local/bin/multiqc ./fastp/
[2021-06-30 20:59:31,743] multiqc                                            [WARNING]  MultiQC Version v1.10.1 now available!
[2021-06-30 20:59:31,743] multiqc                                            [INFO   ]  This is MultiQC v1.9.dev0
[2021-06-30 20:59:31,743] multiqc                                            [DEBUG  ]  Command     : /usr/local/bin/multiqc ./fastp/
[2021-06-30 20:59:31,743] multiqc                                            [DEBUG  ]  Working dir : /scratch1/jboatw2/practice/full_test
[2021-06-30 20:59:31,743] multiqc                                            [INFO   ]  Template    : default
[2021-06-30 20:59:31,743] multiqc                                            [DEBUG  ]  Running Python 3.7.3 (default, Dec 20 2019, 18:57:59)  [GCC 8.3.0]
[2021-06-30 20:59:31,743] multiqc                                            [INFO   ]  Searching   : /scratch1/jboatw2/practice/full_test/fastp
[2021-06-30 20:59:31,744] multiqc                                            [DEBUG  ]  Analysing modules: custom_content, conpair, peddy, somalier, methylQA, mosdepth, phantompeakqualtools, qualimap, preseq, quast, qorts, rna_seqc, rockhopper, rsem, rseqc, busco, goleft_indexcov, disambiguate, supernova, deeptools, sargasso, verifybamid, mirtrace, happy, mirtop, homer, macs2, theta2, snpeff, gatk, htseq, bcftools, featureCounts, fgbio, dragen, dedup, damageprofiler, biobambam2, mtnucratio, picard, prokka, samblaster, samtools, sexdeterrmine, bamtools, jellyfish, vcftools, longranger, stacks, varscan2, bbmap, bismark, biscuit, hicexplorer, hicup, hicpro, salmon, kallisto, slamdunk, star, hisat2, tophat, bowtie2, bowtie1, snpsplit, kat, leehom, adapterRemoval, clipandmerge, cutadapt, flexbar, trimmomatic, sickle, skewer, sortmerna, biobloomtools, fastq_screen, afterqc, fastp, fastqc, pycoqc, minionqc, multivcfanalyzer, clusterflow, bcl2fastq, interop, ivar, flash, seqyclean
[2021-06-30 20:59:31,744] multiqc                                            [DEBUG  ]  Using temporary directory for creating report: /tmp/tmp8httocr6
[2021-06-30 20:59:31,829] multiqc                                            [DEBUG  ]  Ignoring file as matched an ignore pattern: W55_V_1_4_fastp.html
[2021-06-30 20:59:31,829] multiqc                                            [DEBUG  ]  Ignoring file as matched an ignore pattern: W55_V_2_2_fastp.html
[2021-06-30 20:59:31,830] multiqc                                            [DEBUG  ]  Ignoring file as matched an ignore pattern: W55_V_3_3_fastp.html
[2021-06-30 20:59:31,917] multiqc                                            [DEBUG  ]  File ignored by hicexplorer because it exceeded search pattern filesize limit: W55_V_3_3.trimmed
[2021-06-30 20:59:31,945] multiqc                                            [DEBUG  ]  File ignored by longranger/invocation because it exceeded search pattern filesize limit: W55_V_3_3.trimmed
[2021-06-30 20:59:32,192] multiqc                                            [DEBUG  ]  File ignored by hicexplorer because it exceeded search pattern filesize limit: W55_V_2_1.trimmed
[2021-06-30 20:59:32,217] multiqc                                            [DEBUG  ]  File ignored by longranger/invocation because it exceeded search pattern filesize limit: W55_V_2_1.trimmed
[2021-06-30 20:59:32,217] multiqc                                            [DEBUG  ]  File ignored by rockhopper because it exceeded search pattern filesize limit: W55_V_2_1.trimmed
[2021-06-30 20:59:32,217] multiqc                                            [DEBUG  ]  File ignored by rseqc/bam_stat because it exceeded search pattern filesize limit: W55_V_2_1.trimmed
[2021-06-30 20:59:32,217] multiqc                                            [DEBUG  ]  File ignored by rseqc/junction_annotation because it exceeded search pattern filesize limit: W55_V_2_1.trimmed
[2021-06-30 20:59:32,217] multiqc                                            [DEBUG  ]  File ignored by rseqc/read_distribution because it exceeded search pattern filesize limit: W55_V_2_1.trimmed
[2021-06-30 20:59:32,217] multiqc                                            [DEBUG  ]  File ignored by rseqc/infer_experiment because it exceeded search pattern filesize limit: W55_V_2_1.trimmed
[2021-06-30 20:59:32,225] multiqc                                            [DEBUG  ]  File ignored by stacks/sumstats because it exceeded search pattern filesize limit: W55_V_2_1.trimmed
[2021-06-30 20:59:32,788] multiqc                                            [DEBUG  ]  File ignored by hicexplorer because it exceeded search pattern filesize limit: W55_V_2_2.trimmed
[2021-06-30 20:59:32,821] multiqc                                            [DEBUG  ]  File ignored by longranger/invocation because it exceeded search pattern filesize limit: W55_V_2_2.trimmed
[2021-06-30 20:59:32,821] multiqc                                            [DEBUG  ]  File ignored by rockhopper because it exceeded search pattern filesize limit: W55_V_2_2.trimmed
[2021-06-30 20:59:32,821] multiqc                                            [DEBUG  ]  File ignored by rseqc/bam_stat because it exceeded search pattern filesize limit: W55_V_2_2.trimmed
[2021-06-30 20:59:32,821] multiqc                                            [DEBUG  ]  File ignored by rseqc/junction_annotation because it exceeded search pattern filesize limit: W55_V_2_2.trimmed
[2021-06-30 20:59:32,821] multiqc                                            [DEBUG  ]  File ignored by rseqc/read_distribution because it exceeded search pattern filesize limit: W55_V_2_2.trimmed
[2021-06-30 20:59:32,821] multiqc                                            [DEBUG  ]  File ignored by rseqc/infer_experiment because it exceeded search pattern filesize limit: W55_V_2_2.trimmed
[2021-06-30 20:59:33,210] multiqc                                            [DEBUG  ]  File ignored by hicexplorer because it exceeded search pattern filesize limit: W55_M_3_2.trimmed
[2021-06-30 20:59:33,234] multiqc                                            [DEBUG  ]  File ignored by longranger/invocation because it exceeded search pattern filesize limit: W55_M_3_2.trimmed
[2021-06-30 20:59:33,234] multiqc                                            [DEBUG  ]  File ignored by rockhopper because it exceeded search pattern filesize limit: W55_M_3_2.trimmed
[2021-06-30 20:59:33,234] multiqc                                            [DEBUG  ]  File ignored by rseqc/bam_stat because it exceeded search pattern filesize limit: W55_M_3_2.trimmed
[2021-06-30 20:59:33,234] multiqc                                            [DEBUG  ]  File ignored by rseqc/junction_annotation because it exceeded search pattern filesize limit: W55_M_3_2.trimmed
[2021-06-30 20:59:33,234] multiqc                                            [DEBUG  ]  File ignored by rseqc/read_distribution because it exceeded search pattern filesize limit: W55_M_3_2.trimmed
[2021-06-30 20:59:33,234] multiqc                                            [DEBUG  ]  File ignored by rseqc/infer_experiment because it exceeded search pattern filesize limit: W55_M_3_2.trimmed
[2021-06-30 20:59:33,576] multiqc                                            [DEBUG  ]  File ignored by hicexplorer because it exceeded search pattern filesize limit: W55_V_3_1.trimmed
[2021-06-30 20:59:33,598] multiqc                                            [DEBUG  ]  File ignored by longranger/invocation because it exceeded search pattern filesize limit: W55_V_3_1.trimmed
[2021-06-30 20:59:33,791] multiqc                                            [DEBUG  ]  Ignoring file as matched an ignore pattern: W55_V_1_2_fastp.html
[2021-06-30 20:59:33,791] multiqc                                            [DEBUG  ]  Ignoring file as matched an ignore pattern: W55_M_1_4_fastp.html
[2021-06-30 20:59:33,832] multiqc                                            [DEBUG  ]  File ignored by hicexplorer because it exceeded search pattern filesize limit: W55_V_1_3.trimmed
[2021-06-30 20:59:33,855] multiqc                                            [DEBUG  ]  File ignored by longranger/invocation because it exceeded search pattern filesize limit: W55_V_1_3.trimmed
[2021-06-30 20:59:34,080] multiqc                                            [DEBUG  ]  Ignoring file as matched an ignore pattern: W55_V_2_1_fastp.html
[2021-06-30 20:59:34,080] multiqc                                            [DEBUG  ]  Ignoring file as matched an ignore pattern: W55_V_1_1_fastp.html
[2021-06-30 20:59:34,124] multiqc                                            [DEBUG  ]  File ignored by hicexplorer because it exceeded search pattern filesize limit: W55_V_1_2.trimmed
[2021-06-30 20:59:34,151] multiqc                                            [DEBUG  ]  File ignored by longranger/invocation because it exceeded search pattern filesize limit: W55_V_1_2.trimmed
[2021-06-30 20:59:34,446] multiqc                                            [DEBUG  ]  File ignored by hicexplorer because it exceeded search pattern filesize limit: W55_V_3_4.trimmed
[2021-06-30 20:59:34,471] multiqc                                            [DEBUG  ]  File ignored by longranger/invocation because it exceeded search pattern filesize limit: W55_V_3_4.trimmed
[2021-06-30 20:59:34,612] multiqc                                            [DEBUG  ]  Ignoring file as matched an ignore pattern: W55_V_2_3_fastp.html
[2021-06-30 20:59:34,613] multiqc                                            [DEBUG  ]  Ignoring file as matched an ignore pattern: W55_V_3_4_fastp.html
[2021-06-30 20:59:34,613] multiqc                                            [DEBUG  ]  Ignoring file as matched an ignore pattern: W55_M_3_2_fastp.html
[2021-06-30 20:59:34,660] multiqc                                            [DEBUG  ]  File ignored by hicexplorer because it exceeded search pattern filesize limit: W55_M_2_3.trimmed
[2021-06-30 20:59:34,683] multiqc                                            [DEBUG  ]  File ignored by longranger/invocation because it exceeded search pattern filesize limit: W55_M_2_3.trimmed
[2021-06-30 20:59:34,683] multiqc                                            [DEBUG  ]  File ignored by rockhopper because it exceeded search pattern filesize limit: W55_M_2_3.trimmed
[2021-06-30 20:59:34,684] multiqc                                            [DEBUG  ]  File ignored by rseqc/bam_stat because it exceeded search pattern filesize limit: W55_M_2_3.trimmed
[2021-06-30 20:59:34,684] multiqc                                            [DEBUG  ]  File ignored by rseqc/junction_annotation because it exceeded search pattern filesize limit: W55_M_2_3.trimmed
[2021-06-30 20:59:34,684] multiqc                                            [DEBUG  ]  File ignored by rseqc/read_distribution because it exceeded search pattern filesize limit: W55_M_2_3.trimmed
[2021-06-30 20:59:34,684] multiqc                                            [DEBUG  ]  File ignored by rseqc/infer_experiment because it exceeded search pattern filesize limit: W55_M_2_3.trimmed
[2021-06-30 20:59:35,500] multiqc                                            [DEBUG  ]  File ignored by hicexplorer because it exceeded search pattern filesize limit: W55_V_1_1.trimmed
[2021-06-30 20:59:35,525] multiqc                                            [DEBUG  ]  File ignored by longranger/invocation because it exceeded search pattern filesize limit: W55_V_1_1.trimmed
[2021-06-30 20:59:35,525] multiqc                                            [DEBUG  ]  File ignored by rockhopper because it exceeded search pattern filesize limit: W55_V_1_1.trimmed
[2021-06-30 20:59:35,525] multiqc                                            [DEBUG  ]  File ignored by rseqc/bam_stat because it exceeded search pattern filesize limit: W55_V_1_1.trimmed
[2021-06-30 20:59:35,525] multiqc                                            [DEBUG  ]  File ignored by rseqc/junction_annotation because it exceeded search pattern filesize limit: W55_V_1_1.trimmed
[2021-06-30 20:59:35,525] multiqc                                            [DEBUG  ]  File ignored by rseqc/read_distribution because it exceeded search pattern filesize limit: W55_V_1_1.trimmed
[2021-06-30 20:59:35,525] multiqc                                            [DEBUG  ]  File ignored by rseqc/infer_experiment because it exceeded search pattern filesize limit: W55_V_1_1.trimmed
[2021-06-30 20:59:35,910] multiqc                                            [DEBUG  ]  File ignored by hicexplorer because it exceeded search pattern filesize limit: W55_M_3_3.trimmed
[2021-06-30 20:59:35,932] multiqc                                            [DEBUG  ]  File ignored by longranger/invocation because it exceeded search pattern filesize limit: W55_M_3_3.trimmed
[2021-06-30 20:59:36,206] multiqc                                            [DEBUG  ]  File ignored by hicexplorer because it exceeded search pattern filesize limit: W55_M_1_2.trimmed
[2021-06-30 20:59:36,229] multiqc                                            [DEBUG  ]  File ignored by longranger/invocation because it exceeded search pattern filesize limit: W55_M_1_2.trimmed
[2021-06-30 20:59:36,390] multiqc                                            [DEBUG  ]  Ignoring file as matched an ignore pattern: W55_V_1_3_fastp.html
[2021-06-30 20:59:36,392] multiqc                                            [DEBUG  ]  Ignoring file as matched an ignore pattern: W55_V_3_1_fastp.html
[2021-06-30 20:59:36,392] multiqc                                            [DEBUG  ]  Ignoring file as matched an ignore pattern: W55_V_2_4_fastp.html
[2021-06-30 20:59:36,431] multiqc                                            [DEBUG  ]  File ignored by hicexplorer because it exceeded search pattern filesize limit: W55_M_1_3.trimmed
[2021-06-30 20:59:36,455] multiqc                                            [DEBUG  ]  File ignored by longranger/invocation because it exceeded search pattern filesize limit: W55_M_1_3.trimmed
[2021-06-30 20:59:36,570] multiqc                                            [DEBUG  ]  Ignoring file as matched an ignore pattern: W55_M_2_2_fastp.html
[2021-06-30 20:59:36,570] multiqc                                            [DEBUG  ]  Ignoring file as matched an ignore pattern: W55_M_3_3_fastp.html
[2021-06-30 20:59:36,617] multiqc                                            [DEBUG  ]  File ignored by hicexplorer because it exceeded search pattern filesize limit: W55_M_3_1.trimmed
[2021-06-30 20:59:36,643] multiqc                                            [DEBUG  ]  File ignored by longranger/invocation because it exceeded search pattern filesize limit: W55_M_3_1.trimmed
[2021-06-30 20:59:36,643] multiqc                                            [DEBUG  ]  File ignored by rockhopper because it exceeded search pattern filesize limit: W55_M_3_1.trimmed
[2021-06-30 20:59:36,643] multiqc                                            [DEBUG  ]  File ignored by rseqc/bam_stat because it exceeded search pattern filesize limit: W55_M_3_1.trimmed
[2021-06-30 20:59:36,643] multiqc                                            [DEBUG  ]  File ignored by rseqc/junction_annotation because it exceeded search pattern filesize limit: W55_M_3_1.trimmed
[2021-06-30 20:59:36,643] multiqc                                            [DEBUG  ]  File ignored by rseqc/read_distribution because it exceeded search pattern filesize limit: W55_M_3_1.trimmed
[2021-06-30 20:59:36,643] multiqc                                            [DEBUG  ]  File ignored by rseqc/infer_experiment because it exceeded search pattern filesize limit: W55_M_3_1.trimmed
[2021-06-30 20:59:36,954] multiqc                                            [DEBUG  ]  Ignoring file as matched an ignore pattern: W55_M_1_3_fastp.html
[2021-06-30 20:59:37,022] multiqc                                            [DEBUG  ]  File ignored by hicexplorer because it exceeded search pattern filesize limit: W55_V_3_2.trimmed
[2021-06-30 20:59:37,046] multiqc                                            [DEBUG  ]  File ignored by longranger/invocation because it exceeded search pattern filesize limit: W55_V_3_2.trimmed
[2021-06-30 20:59:37,291] multiqc                                            [DEBUG  ]  File ignored by hicexplorer because it exceeded search pattern filesize limit: W55_V_2_4.trimmed
[2021-06-30 20:59:37,315] multiqc                                            [DEBUG  ]  File ignored by longranger/invocation because it exceeded search pattern filesize limit: W55_V_2_4.trimmed
[2021-06-30 20:59:37,569] multiqc                                            [DEBUG  ]  File ignored by hicexplorer because it exceeded search pattern filesize limit: W55_V_2_3.trimmed
[2021-06-30 20:59:37,591] multiqc                                            [DEBUG  ]  File ignored by longranger/invocation because it exceeded search pattern filesize limit: W55_V_2_3.trimmed
[2021-06-30 20:59:37,591] multiqc                                            [DEBUG  ]  File ignored by rockhopper because it exceeded search pattern filesize limit: W55_V_2_3.trimmed
[2021-06-30 20:59:37,591] multiqc                                            [DEBUG  ]  File ignored by rseqc/bam_stat because it exceeded search pattern filesize limit: W55_V_2_3.trimmed
[2021-06-30 20:59:37,591] multiqc                                            [DEBUG  ]  File ignored by rseqc/junction_annotation because it exceeded search pattern filesize limit: W55_V_2_3.trimmed
[2021-06-30 20:59:37,591] multiqc                                            [DEBUG  ]  File ignored by rseqc/read_distribution because it exceeded search pattern filesize limit: W55_V_2_3.trimmed
[2021-06-30 20:59:37,591] multiqc                                            [DEBUG  ]  File ignored by rseqc/infer_experiment because it exceeded search pattern filesize limit: W55_V_2_3.trimmed
[2021-06-30 20:59:38,455] multiqc                                            [DEBUG  ]  Ignoring file as matched an ignore pattern: W55_M_2_1_fastp.html
[2021-06-30 20:59:38,456] multiqc                                            [DEBUG  ]  Ignoring file as matched an ignore pattern: W55_M_3_4_fastp.html
[2021-06-30 20:59:38,509] multiqc                                            [DEBUG  ]  File ignored by hicexplorer because it exceeded search pattern filesize limit: W55_M_2_2.trimmed
[2021-06-30 20:59:38,534] multiqc                                            [DEBUG  ]  File ignored by longranger/invocation because it exceeded search pattern filesize limit: W55_M_2_2.trimmed
[2021-06-30 20:59:38,534] multiqc                                            [DEBUG  ]  File ignored by rockhopper because it exceeded search pattern filesize limit: W55_M_2_2.trimmed
[2021-06-30 20:59:38,534] multiqc                                            [DEBUG  ]  File ignored by rseqc/bam_stat because it exceeded search pattern filesize limit: W55_M_2_2.trimmed
[2021-06-30 20:59:38,534] multiqc                                            [DEBUG  ]  File ignored by rseqc/junction_annotation because it exceeded search pattern filesize limit: W55_M_2_2.trimmed
[2021-06-30 20:59:38,534] multiqc                                            [DEBUG  ]  File ignored by rseqc/read_distribution because it exceeded search pattern filesize limit: W55_M_2_2.trimmed
[2021-06-30 20:59:38,534] multiqc                                            [DEBUG  ]  File ignored by rseqc/infer_experiment because it exceeded search pattern filesize limit: W55_M_2_2.trimmed
[2021-06-30 20:59:38,543] multiqc                                            [DEBUG  ]  File ignored by stacks/sumstats because it exceeded search pattern filesize limit: W55_M_2_2.trimmed
[2021-06-30 20:59:39,189] multiqc                                            [DEBUG  ]  File ignored by hicexplorer because it exceeded search pattern filesize limit: W55_M_2_4.trimmed
[2021-06-30 20:59:39,227] multiqc                                            [DEBUG  ]  File ignored by longranger/invocation because it exceeded search pattern filesize limit: W55_M_2_4.trimmed
[2021-06-30 20:59:39,227] multiqc                                            [DEBUG  ]  File ignored by rockhopper because it exceeded search pattern filesize limit: W55_M_2_4.trimmed
[2021-06-30 20:59:39,227] multiqc                                            [DEBUG  ]  File ignored by rseqc/bam_stat because it exceeded search pattern filesize limit: W55_M_2_4.trimmed
[2021-06-30 20:59:39,227] multiqc                                            [DEBUG  ]  File ignored by rseqc/junction_annotation because it exceeded search pattern filesize limit: W55_M_2_4.trimmed
[2021-06-30 20:59:39,227] multiqc                                            [DEBUG  ]  File ignored by rseqc/read_distribution because it exceeded search pattern filesize limit: W55_M_2_4.trimmed
[2021-06-30 20:59:39,227] multiqc                                            [DEBUG  ]  File ignored by rseqc/infer_experiment because it exceeded search pattern filesize limit: W55_M_2_4.trimmed
[2021-06-30 20:59:39,671] multiqc                                            [DEBUG  ]  Ignoring file as matched an ignore pattern: W55_M_1_2_fastp.html
[2021-06-30 20:59:40,977] multiqc                                            [DEBUG  ]  File ignored by hicexplorer because it exceeded search pattern filesize limit: W55_M_2_1.trimmed
[2021-06-30 20:59:41,013] multiqc                                            [DEBUG  ]  File ignored by longranger/invocation because it exceeded search pattern filesize limit: W55_M_2_1.trimmed
[2021-06-30 20:59:41,013] multiqc                                            [DEBUG  ]  File ignored by rockhopper because it exceeded search pattern filesize limit: W55_M_2_1.trimmed
[2021-06-30 20:59:41,013] multiqc                                            [DEBUG  ]  File ignored by rseqc/bam_stat because it exceeded search pattern filesize limit: W55_M_2_1.trimmed
[2021-06-30 20:59:41,013] multiqc                                            [DEBUG  ]  File ignored by rseqc/junction_annotation because it exceeded search pattern filesize limit: W55_M_2_1.trimmed
[2021-06-30 20:59:41,013] multiqc                                            [DEBUG  ]  File ignored by rseqc/read_distribution because it exceeded search pattern filesize limit: W55_M_2_1.trimmed
[2021-06-30 20:59:41,013] multiqc                                            [DEBUG  ]  File ignored by rseqc/infer_experiment because it exceeded search pattern filesize limit: W55_M_2_1.trimmed
[2021-06-30 20:59:41,024] multiqc                                            [DEBUG  ]  File ignored by stacks/sumstats because it exceeded search pattern filesize limit: W55_M_2_1.trimmed
[2021-06-30 20:59:41,673] multiqc                                            [DEBUG  ]  Ignoring file as matched an ignore pattern: W55_M_2_4_fastp.html
[2021-06-30 20:59:41,674] multiqc                                            [DEBUG  ]  Ignoring file as matched an ignore pattern: W55_V_3_2_fastp.html
[2021-06-30 20:59:41,675] multiqc                                            [DEBUG  ]  Ignoring file as matched an ignore pattern: W55_M_2_3_fastp.html
[2021-06-30 20:59:41,716] multiqc                                            [DEBUG  ]  File ignored by hicexplorer because it exceeded search pattern filesize limit: W55_V_1_4.trimmed
[2021-06-30 20:59:41,737] multiqc                                            [DEBUG  ]  File ignored by longranger/invocation because it exceeded search pattern filesize limit: W55_V_1_4.trimmed
[2021-06-30 20:59:42,020] multiqc                                            [DEBUG  ]  File ignored by hicexplorer because it exceeded search pattern filesize limit: W55_M_3_4.trimmed
[2021-06-30 20:59:42,041] multiqc                                            [DEBUG  ]  File ignored by longranger/invocation because it exceeded search pattern filesize limit: W55_M_3_4.trimmed
[2021-06-30 20:59:42,284] multiqc                                            [DEBUG  ]  Ignoring file as matched an ignore pattern: W55_M_3_1_fastp.html
[2021-06-30 20:59:42,331] multiqc                                            [DEBUG  ]  File ignored by hicexplorer because it exceeded search pattern filesize limit: W55_M_1_1.trimmed
[2021-06-30 20:59:42,357] multiqc                                            [DEBUG  ]  File ignored by longranger/invocation because it exceeded search pattern filesize limit: W55_M_1_1.trimmed
[2021-06-30 20:59:42,831] multiqc                                            [DEBUG  ]  File ignored by hicexplorer because it exceeded search pattern filesize limit: W55_M_1_4.trimmed
[2021-06-30 20:59:42,870] multiqc                                            [DEBUG  ]  File ignored by longranger/invocation because it exceeded search pattern filesize limit: W55_M_1_4.trimmed
[2021-06-30 20:59:43,098] multiqc                                            [DEBUG  ]  Ignoring file as matched an ignore pattern: W55_M_1_1_fastp.html
[2021-06-30 20:59:43,398] multiqc.plots.bargraph                             [DEBUG  ]  Using matplotlib version 3.2.1
[2021-06-30 20:59:43,399] multiqc.plots.linegraph                            [DEBUG  ]  Using matplotlib version 3.2.1
[2021-06-30 20:59:43,400] multiqc                                            [DEBUG  ]  No samples found: custom_content
[2021-06-30 20:59:43,403] multiqc                                            [DEBUG  ]  No samples found: conpair
[2021-06-30 20:59:43,405] multiqc                                            [DEBUG  ]  No samples found: peddy
[2021-06-30 20:59:43,408] multiqc                                            [DEBUG  ]  No samples found: somalier
[2021-06-30 20:59:43,411] multiqc                                            [DEBUG  ]  No samples found: methylQA
[2021-06-30 20:59:43,414] multiqc                                            [DEBUG  ]  No samples found: mosdepth
[2021-06-30 20:59:43,416] multiqc                                            [DEBUG  ]  No samples found: phantompeakqualtools
[2021-06-30 20:59:43,418] multiqc                                            [DEBUG  ]  No samples found: qualimap
[2021-06-30 20:59:43,421] multiqc                                            [DEBUG  ]  No samples found: preseq
[2021-06-30 20:59:43,423] multiqc                                            [DEBUG  ]  No samples found: quast
[2021-06-30 20:59:43,425] multiqc                                            [DEBUG  ]  No samples found: qorts
[2021-06-30 20:59:43,428] multiqc                                            [DEBUG  ]  No samples found: rna_seqc
[2021-06-30 20:59:43,429] multiqc                                            [DEBUG  ]  No samples found: rockhopper
[2021-06-30 20:59:43,431] multiqc                                            [DEBUG  ]  No samples found: rsem
[2021-06-30 20:59:43,434] multiqc                                            [DEBUG  ]  No samples found: rseqc
[2021-06-30 20:59:43,437] multiqc                                            [DEBUG  ]  No samples found: busco
[2021-06-30 20:59:43,440] multiqc                                            [DEBUG  ]  No samples found: goleft_indexcov
[2021-06-30 20:59:43,442] multiqc                                            [DEBUG  ]  No samples found: disambiguate
[2021-06-30 20:59:43,445] multiqc                                            [DEBUG  ]  No samples found: supernova
[2021-06-30 20:59:43,449] multiqc                                            [DEBUG  ]  No samples found: deeptools
[2021-06-30 20:59:43,452] multiqc                                            [DEBUG  ]  No samples found: sargasso
[2021-06-30 20:59:43,455] multiqc                                            [DEBUG  ]  No samples found: verifybamid
[2021-06-30 20:59:43,457] multiqc                                            [DEBUG  ]  No samples found: mirtrace
[2021-06-30 20:59:43,460] multiqc                                            [DEBUG  ]  No samples found: happy
[2021-06-30 20:59:43,462] multiqc                                            [DEBUG  ]  No samples found: mirtop
[2021-06-30 20:59:43,465] multiqc                                            [DEBUG  ]  No samples found: homer
[2021-06-30 20:59:43,467] multiqc                                            [DEBUG  ]  No samples found: macs2
[2021-06-30 20:59:43,469] multiqc                                            [DEBUG  ]  No samples found: theta2
[2021-06-30 20:59:43,472] multiqc                                            [DEBUG  ]  No samples found: snpeff
[2021-06-30 20:59:43,475] multiqc                                            [DEBUG  ]  No samples found: gatk
[2021-06-30 20:59:43,477] multiqc                                            [DEBUG  ]  No samples found: htseq
[2021-06-30 20:59:43,480] multiqc                                            [DEBUG  ]  No samples found: bcftools
[2021-06-30 20:59:43,483] multiqc                                            [DEBUG  ]  No samples found: featureCounts
[2021-06-30 20:59:43,485] multiqc                                            [DEBUG  ]  No samples found: fgbio
[2021-06-30 20:59:43,490] multiqc                                            [DEBUG  ]  No samples found: dragen
[2021-06-30 20:59:43,492] multiqc                                            [DEBUG  ]  No samples found: dedup
[2021-06-30 20:59:43,494] multiqc                                            [DEBUG  ]  No samples found: damageprofiler
[2021-06-30 20:59:43,501] multiqc                                            [DEBUG  ]  No samples found: biobambam2
[2021-06-30 20:59:43,504] multiqc                                            [DEBUG  ]  No samples found: mtnucratio
[2021-06-30 20:59:43,506] multiqc                                            [DEBUG  ]  No samples found: picard
[2021-06-30 20:59:43,508] multiqc                                            [DEBUG  ]  No samples found: prokka
[2021-06-30 20:59:43,510] multiqc                                            [DEBUG  ]  No samples found: samblaster
[2021-06-30 20:59:43,513] multiqc                                            [DEBUG  ]  No samples found: samtools
[2021-06-30 20:59:43,515] multiqc                                            [DEBUG  ]  No samples found: sexdeterrmine
[2021-06-30 20:59:43,518] multiqc                                            [DEBUG  ]  No samples found: bamtools
[2021-06-30 20:59:43,520] multiqc                                            [DEBUG  ]  No samples found: jellyfish
[2021-06-30 20:59:43,524] multiqc                                            [DEBUG  ]  No samples found: vcftools
[2021-06-30 20:59:43,526] multiqc                                            [DEBUG  ]  No samples found: longranger
[2021-06-30 20:59:43,528] multiqc                                            [DEBUG  ]  No samples found: stacks
[2021-06-30 20:59:43,530] multiqc                                            [DEBUG  ]  No samples found: varscan2
[2021-06-30 20:59:43,534] multiqc                                            [DEBUG  ]  No samples found: bbmap
[2021-06-30 20:59:43,537] multiqc                                            [DEBUG  ]  No samples found: bismark
[2021-06-30 20:59:43,539] multiqc                                            [DEBUG  ]  No samples found: biscuit
[2021-06-30 20:59:43,542] multiqc                                            [DEBUG  ]  No samples found: hicexplorer
[2021-06-30 20:59:43,544] multiqc                                            [DEBUG  ]  No samples found: hicup
[2021-06-30 20:59:43,546] multiqc                                            [DEBUG  ]  No samples found: hicpro
[2021-06-30 20:59:43,548] multiqc                                            [DEBUG  ]  No samples found: salmon
[2021-06-30 20:59:43,551] multiqc                                            [DEBUG  ]  No samples found: kallisto
[2021-06-30 20:59:43,553] multiqc                                            [DEBUG  ]  No samples found: slamdunk
[2021-06-30 20:59:43,556] multiqc                                            [DEBUG  ]  No samples found: star
[2021-06-30 20:59:43,558] multiqc                                            [DEBUG  ]  No samples found: hisat2
[2021-06-30 20:59:43,560] multiqc                                            [DEBUG  ]  No samples found: tophat
[2021-06-30 20:59:43,563] multiqc                                            [DEBUG  ]  No samples found: bowtie2
[2021-06-30 20:59:43,565] multiqc                                            [DEBUG  ]  No samples found: bowtie1
[2021-06-30 20:59:43,567] multiqc                                            [DEBUG  ]  No samples found: snpsplit
[2021-06-30 20:59:43,569] multiqc                                            [DEBUG  ]  No samples found: kat
[2021-06-30 20:59:43,572] multiqc                                            [DEBUG  ]  No samples found: leehom
[2021-06-30 20:59:43,574] multiqc                                            [DEBUG  ]  No samples found: adapterRemoval
[2021-06-30 20:59:43,577] multiqc                                            [DEBUG  ]  No samples found: clipandmerge
[2021-06-30 20:59:43,579] multiqc                                            [DEBUG  ]  No samples found: cutadapt
[2021-06-30 20:59:43,582] multiqc                                            [DEBUG  ]  No samples found: flexbar
[2021-06-30 20:59:43,584] multiqc                                            [DEBUG  ]  No samples found: trimmomatic
[2021-06-30 20:59:43,587] multiqc                                            [DEBUG  ]  No samples found: sickle
[2021-06-30 20:59:43,588] multiqc                                            [DEBUG  ]  No samples found: skewer
[2021-06-30 20:59:43,591] multiqc                                            [DEBUG  ]  No samples found: sortmerna
[2021-06-30 20:59:43,593] multiqc                                            [DEBUG  ]  No samples found: biobloomtools
[2021-06-30 20:59:43,596] multiqc                                            [DEBUG  ]  No samples found: fastq_screen
[2021-06-30 20:59:43,598] multiqc                                            [DEBUG  ]  No samples found: afterqc
[2021-06-30 20:59:43,602] multiqc.modules.fastp.fastp                        [DEBUG  ]  fastp JSON did not have a 'adapter_cutting' key, skipping: 'W55_M_2_1_fastp.json'
[2021-06-30 20:59:43,602] multiqc.modules.fastp.fastp                        [DEBUG  ]  Could not calculate 'pct_adapter': W55_M_2_1_fastp.json
[2021-06-30 20:59:43,602] multiqc.modules.fastp.fastp                        [DEBUG  ]  No insert size plot data: W55_M_2_1_fastp.json
[2021-06-30 20:59:43,602] multiqc.modules.fastp.fastp                        [DEBUG  ]  Read quality read2_before_filtering not found: W55_M_2_1_fastp.json
[2021-06-30 20:59:43,602] multiqc.modules.fastp.fastp                        [DEBUG  ]  Content curve data read2_before_filtering not found: W55_M_2_1_fastp.json
[2021-06-30 20:59:43,602] multiqc.modules.fastp.fastp                        [DEBUG  ]  Read quality read2_after_filtering not found: W55_M_2_1_fastp.json
[2021-06-30 20:59:43,602] multiqc.modules.fastp.fastp                        [DEBUG  ]  Content curve data read2_after_filtering not found: W55_M_2_1_fastp.json
[2021-06-30 20:59:44,068] multiqc.modules.fastp.fastp                        [DEBUG  ]  fastp JSON did not have a 'adapter_cutting' key, skipping: 'W55_V_1_3_fastp.json'
[2021-06-30 20:59:44,068] multiqc.modules.fastp.fastp                        [DEBUG  ]  Could not calculate 'pct_adapter': W55_V_1_3_fastp.json
[2021-06-30 20:59:44,068] multiqc.modules.fastp.fastp                        [DEBUG  ]  No insert size plot data: W55_V_1_3_fastp.json
[2021-06-30 20:59:44,068] multiqc.modules.fastp.fastp                        [DEBUG  ]  Read quality read2_before_filtering not found: W55_V_1_3_fastp.json
[2021-06-30 20:59:44,068] multiqc.modules.fastp.fastp                        [DEBUG  ]  Content curve data read2_before_filtering not found: W55_V_1_3_fastp.json
[2021-06-30 20:59:44,068] multiqc.modules.fastp.fastp                        [DEBUG  ]  Read quality read2_after_filtering not found: W55_V_1_3_fastp.json
[2021-06-30 20:59:44,068] multiqc.modules.fastp.fastp                        [DEBUG  ]  Content curve data read2_after_filtering not found: W55_V_1_3_fastp.json
[2021-06-30 20:59:44,081] multiqc.modules.fastp.fastp                        [DEBUG  ]  fastp JSON did not have a 'adapter_cutting' key, skipping: 'W55_M_3_1_fastp.json'
[2021-06-30 20:59:44,082] multiqc.modules.fastp.fastp                        [DEBUG  ]  Could not calculate 'pct_adapter': W55_M_3_1_fastp.json
[2021-06-30 20:59:44,082] multiqc.modules.fastp.fastp                        [DEBUG  ]  No insert size plot data: W55_M_3_1_fastp.json
[2021-06-30 20:59:44,082] multiqc.modules.fastp.fastp                        [DEBUG  ]  Read quality read2_before_filtering not found: W55_M_3_1_fastp.json
[2021-06-30 20:59:44,082] multiqc.modules.fastp.fastp                        [DEBUG  ]  Content curve data read2_before_filtering not found: W55_M_3_1_fastp.json
[2021-06-30 20:59:44,082] multiqc.modules.fastp.fastp                        [DEBUG  ]  Read quality read2_after_filtering not found: W55_M_3_1_fastp.json
[2021-06-30 20:59:44,082] multiqc.modules.fastp.fastp                        [DEBUG  ]  Content curve data read2_after_filtering not found: W55_M_3_1_fastp.json
[2021-06-30 20:59:44,084] multiqc.modules.fastp.fastp                        [DEBUG  ]  fastp JSON did not have a 'adapter_cutting' key, skipping: 'W55_V_2_2_fastp.json'
[2021-06-30 20:59:44,084] multiqc.modules.fastp.fastp                        [DEBUG  ]  Could not calculate 'pct_adapter': W55_V_2_2_fastp.json
[2021-06-30 20:59:44,084] multiqc.modules.fastp.fastp                        [DEBUG  ]  No insert size plot data: W55_V_2_2_fastp.json
[2021-06-30 20:59:44,084] multiqc.modules.fastp.fastp                        [DEBUG  ]  Read quality read2_before_filtering not found: W55_V_2_2_fastp.json
[2021-06-30 20:59:44,084] multiqc.modules.fastp.fastp                        [DEBUG  ]  Content curve data read2_before_filtering not found: W55_V_2_2_fastp.json
[2021-06-30 20:59:44,084] multiqc.modules.fastp.fastp                        [DEBUG  ]  Read quality read2_after_filtering not found: W55_V_2_2_fastp.json
[2021-06-30 20:59:44,084] multiqc.modules.fastp.fastp                        [DEBUG  ]  Content curve data read2_after_filtering not found: W55_V_2_2_fastp.json
[2021-06-30 20:59:44,086] multiqc.modules.fastp.fastp                        [DEBUG  ]  fastp JSON did not have a 'adapter_cutting' key, skipping: 'W55_V_3_1_fastp.json'
[2021-06-30 20:59:44,086] multiqc.modules.fastp.fastp                        [DEBUG  ]  Could not calculate 'pct_adapter': W55_V_3_1_fastp.json
[2021-06-30 20:59:44,086] multiqc.modules.fastp.fastp                        [DEBUG  ]  No insert size plot data: W55_V_3_1_fastp.json
[2021-06-30 20:59:44,086] multiqc.modules.fastp.fastp                        [DEBUG  ]  Read quality read2_before_filtering not found: W55_V_3_1_fastp.json
[2021-06-30 20:59:44,086] multiqc.modules.fastp.fastp                        [DEBUG  ]  Content curve data read2_before_filtering not found: W55_V_3_1_fastp.json
[2021-06-30 20:59:44,087] multiqc.modules.fastp.fastp                        [DEBUG  ]  Read quality read2_after_filtering not found: W55_V_3_1_fastp.json
[2021-06-30 20:59:44,087] multiqc.modules.fastp.fastp                        [DEBUG  ]  Content curve data read2_after_filtering not found: W55_V_3_1_fastp.json
[2021-06-30 20:59:44,089] multiqc.modules.fastp.fastp                        [DEBUG  ]  fastp JSON did not have a 'adapter_cutting' key, skipping: 'W55_M_1_1_fastp.json'
[2021-06-30 20:59:44,089] multiqc.modules.fastp.fastp                        [DEBUG  ]  Could not calculate 'pct_adapter': W55_M_1_1_fastp.json
[2021-06-30 20:59:44,089] multiqc.modules.fastp.fastp                        [DEBUG  ]  No insert size plot data: W55_M_1_1_fastp.json
[2021-06-30 20:59:44,089] multiqc.modules.fastp.fastp                        [DEBUG  ]  Read quality read2_before_filtering not found: W55_M_1_1_fastp.json
[2021-06-30 20:59:44,089] multiqc.modules.fastp.fastp                        [DEBUG  ]  Content curve data read2_before_filtering not found: W55_M_1_1_fastp.json
[2021-06-30 20:59:44,089] multiqc.modules.fastp.fastp                        [DEBUG  ]  Read quality read2_after_filtering not found: W55_M_1_1_fastp.json
[2021-06-30 20:59:44,089] multiqc.modules.fastp.fastp                        [DEBUG  ]  Content curve data read2_after_filtering not found: W55_M_1_1_fastp.json
[2021-06-30 20:59:44,091] multiqc.modules.fastp.fastp                        [DEBUG  ]  fastp JSON did not have a 'adapter_cutting' key, skipping: 'W55_M_1_4_fastp.json'
[2021-06-30 20:59:44,091] multiqc.modules.fastp.fastp                        [DEBUG  ]  Could not calculate 'pct_adapter': W55_M_1_4_fastp.json
[2021-06-30 20:59:44,091] multiqc.modules.fastp.fastp                        [DEBUG  ]  No insert size plot data: W55_M_1_4_fastp.json
[2021-06-30 20:59:44,091] multiqc.modules.fastp.fastp                        [DEBUG  ]  Read quality read2_before_filtering not found: W55_M_1_4_fastp.json
[2021-06-30 20:59:44,091] multiqc.modules.fastp.fastp                        [DEBUG  ]  Content curve data read2_before_filtering not found: W55_M_1_4_fastp.json
[2021-06-30 20:59:44,091] multiqc.modules.fastp.fastp                        [DEBUG  ]  Read quality read2_after_filtering not found: W55_M_1_4_fastp.json
[2021-06-30 20:59:44,091] multiqc.modules.fastp.fastp                        [DEBUG  ]  Content curve data read2_after_filtering not found: W55_M_1_4_fastp.json
[2021-06-30 20:59:44,093] multiqc.modules.fastp.fastp                        [DEBUG  ]  fastp JSON did not have a 'adapter_cutting' key, skipping: 'W55_M_3_2_fastp.json'
[2021-06-30 20:59:44,093] multiqc.modules.fastp.fastp                        [DEBUG  ]  Could not calculate 'pct_adapter': W55_M_3_2_fastp.json
[2021-06-30 20:59:44,094] multiqc.modules.fastp.fastp                        [DEBUG  ]  No insert size plot data: W55_M_3_2_fastp.json
[2021-06-30 20:59:44,094] multiqc.modules.fastp.fastp                        [DEBUG  ]  Read quality read2_before_filtering not found: W55_M_3_2_fastp.json
[2021-06-30 20:59:44,094] multiqc.modules.fastp.fastp                        [DEBUG  ]  Content curve data read2_before_filtering not found: W55_M_3_2_fastp.json
[2021-06-30 20:59:44,094] multiqc.modules.fastp.fastp                        [DEBUG  ]  Read quality read2_after_filtering not found: W55_M_3_2_fastp.json
[2021-06-30 20:59:44,094] multiqc.modules.fastp.fastp                        [DEBUG  ]  Content curve data read2_after_filtering not found: W55_M_3_2_fastp.json
[2021-06-30 20:59:44,096] multiqc.modules.fastp.fastp                        [DEBUG  ]  fastp JSON did not have a 'adapter_cutting' key, skipping: 'W55_M_2_2_fastp.json'
[2021-06-30 20:59:44,096] multiqc.modules.fastp.fastp                        [DEBUG  ]  Could not calculate 'pct_adapter': W55_M_2_2_fastp.json
[2021-06-30 20:59:44,096] multiqc.modules.fastp.fastp                        [DEBUG  ]  No insert size plot data: W55_M_2_2_fastp.json
[2021-06-30 20:59:44,096] multiqc.modules.fastp.fastp                        [DEBUG  ]  Read quality read2_before_filtering not found: W55_M_2_2_fastp.json
[2021-06-30 20:59:44,096] multiqc.modules.fastp.fastp                        [DEBUG  ]  Content curve data read2_before_filtering not found: W55_M_2_2_fastp.json
[2021-06-30 20:59:44,096] multiqc.modules.fastp.fastp                        [DEBUG  ]  Read quality read2_after_filtering not found: W55_M_2_2_fastp.json
[2021-06-30 20:59:44,096] multiqc.modules.fastp.fastp                        [DEBUG  ]  Content curve data read2_after_filtering not found: W55_M_2_2_fastp.json
[2021-06-30 20:59:44,098] multiqc.modules.fastp.fastp                        [DEBUG  ]  fastp JSON did not have a 'adapter_cutting' key, skipping: 'W55_V_1_1_fastp.json'
[2021-06-30 20:59:44,098] multiqc.modules.fastp.fastp                        [DEBUG  ]  Could not calculate 'pct_adapter': W55_V_1_1_fastp.json
[2021-06-30 20:59:44,098] multiqc.modules.fastp.fastp                        [DEBUG  ]  No insert size plot data: W55_V_1_1_fastp.json
[2021-06-30 20:59:44,098] multiqc.modules.fastp.fastp                        [DEBUG  ]  Read quality read2_before_filtering not found: W55_V_1_1_fastp.json
[2021-06-30 20:59:44,098] multiqc.modules.fastp.fastp                        [DEBUG  ]  Content curve data read2_before_filtering not found: W55_V_1_1_fastp.json
[2021-06-30 20:59:44,098] multiqc.modules.fastp.fastp                        [DEBUG  ]  Read quality read2_after_filtering not found: W55_V_1_1_fastp.json
[2021-06-30 20:59:44,098] multiqc.modules.fastp.fastp                        [DEBUG  ]  Content curve data read2_after_filtering not found: W55_V_1_1_fastp.json
[2021-06-30 20:59:44,101] multiqc.modules.fastp.fastp                        [DEBUG  ]  fastp JSON did not have a 'adapter_cutting' key, skipping: 'W55_V_1_4_fastp.json'
[2021-06-30 20:59:44,101] multiqc.modules.fastp.fastp                        [DEBUG  ]  Could not calculate 'pct_adapter': W55_V_1_4_fastp.json
[2021-06-30 20:59:44,101] multiqc.modules.fastp.fastp                        [DEBUG  ]  No insert size plot data: W55_V_1_4_fastp.json
[2021-06-30 20:59:44,101] multiqc.modules.fastp.fastp                        [DEBUG  ]  Read quality read2_before_filtering not found: W55_V_1_4_fastp.json
[2021-06-30 20:59:44,101] multiqc.modules.fastp.fastp                        [DEBUG  ]  Content curve data read2_before_filtering not found: W55_V_1_4_fastp.json
[2021-06-30 20:59:44,101] multiqc.modules.fastp.fastp                        [DEBUG  ]  Read quality read2_after_filtering not found: W55_V_1_4_fastp.json
[2021-06-30 20:59:44,101] multiqc.modules.fastp.fastp                        [DEBUG  ]  Content curve data read2_after_filtering not found: W55_V_1_4_fastp.json
[2021-06-30 20:59:44,104] multiqc.modules.fastp.fastp                        [DEBUG  ]  fastp JSON did not have a 'adapter_cutting' key, skipping: 'W55_M_2_3_fastp.json'
[2021-06-30 20:59:44,104] multiqc.modules.fastp.fastp                        [DEBUG  ]  Could not calculate 'pct_adapter': W55_M_2_3_fastp.json
[2021-06-30 20:59:44,104] multiqc.modules.fastp.fastp                        [DEBUG  ]  No insert size plot data: W55_M_2_3_fastp.json
[2021-06-30 20:59:44,104] multiqc.modules.fastp.fastp                        [DEBUG  ]  Read quality read2_before_filtering not found: W55_M_2_3_fastp.json
[2021-06-30 20:59:44,104] multiqc.modules.fastp.fastp                        [DEBUG  ]  Content curve data read2_before_filtering not found: W55_M_2_3_fastp.json
[2021-06-30 20:59:44,104] multiqc.modules.fastp.fastp                        [DEBUG  ]  Read quality read2_after_filtering not found: W55_M_2_3_fastp.json
[2021-06-30 20:59:44,104] multiqc.modules.fastp.fastp                        [DEBUG  ]  Content curve data read2_after_filtering not found: W55_M_2_3_fastp.json
[2021-06-30 20:59:44,106] multiqc.modules.fastp.fastp                        [DEBUG  ]  fastp JSON did not have a 'adapter_cutting' key, skipping: 'W55_V_1_2_fastp.json'
[2021-06-30 20:59:44,106] multiqc.modules.fastp.fastp                        [DEBUG  ]  Could not calculate 'pct_adapter': W55_V_1_2_fastp.json
[2021-06-30 20:59:44,106] multiqc.modules.fastp.fastp                        [DEBUG  ]  No insert size plot data: W55_V_1_2_fastp.json
[2021-06-30 20:59:44,107] multiqc.modules.fastp.fastp                        [DEBUG  ]  Read quality read2_before_filtering not found: W55_V_1_2_fastp.json
[2021-06-30 20:59:44,107] multiqc.modules.fastp.fastp                        [DEBUG  ]  Content curve data read2_before_filtering not found: W55_V_1_2_fastp.json
[2021-06-30 20:59:44,107] multiqc.modules.fastp.fastp                        [DEBUG  ]  Read quality read2_after_filtering not found: W55_V_1_2_fastp.json
[2021-06-30 20:59:44,107] multiqc.modules.fastp.fastp                        [DEBUG  ]  Content curve data read2_after_filtering not found: W55_V_1_2_fastp.json
[2021-06-30 20:59:44,109] multiqc.modules.fastp.fastp                        [DEBUG  ]  fastp JSON did not have a 'adapter_cutting' key, skipping: 'W55_V_3_2_fastp.json'
[2021-06-30 20:59:44,109] multiqc.modules.fastp.fastp                        [DEBUG  ]  Could not calculate 'pct_adapter': W55_V_3_2_fastp.json
[2021-06-30 20:59:44,109] multiqc.modules.fastp.fastp                        [DEBUG  ]  No insert size plot data: W55_V_3_2_fastp.json
[2021-06-30 20:59:44,109] multiqc.modules.fastp.fastp                        [DEBUG  ]  Read quality read2_before_filtering not found: W55_V_3_2_fastp.json
[2021-06-30 20:59:44,109] multiqc.modules.fastp.fastp                        [DEBUG  ]  Content curve data read2_before_filtering not found: W55_V_3_2_fastp.json
[2021-06-30 20:59:44,109] multiqc.modules.fastp.fastp                        [DEBUG  ]  Read quality read2_after_filtering not found: W55_V_3_2_fastp.json
[2021-06-30 20:59:44,109] multiqc.modules.fastp.fastp                        [DEBUG  ]  Content curve data read2_after_filtering not found: W55_V_3_2_fastp.json
[2021-06-30 20:59:44,111] multiqc.modules.fastp.fastp                        [DEBUG  ]  fastp JSON did not have a 'adapter_cutting' key, skipping: 'W55_M_1_2_fastp.json'
[2021-06-30 20:59:44,111] multiqc.modules.fastp.fastp                        [DEBUG  ]  Could not calculate 'pct_adapter': W55_M_1_2_fastp.json
[2021-06-30 20:59:44,111] multiqc.modules.fastp.fastp                        [DEBUG  ]  No insert size plot data: W55_M_1_2_fastp.json
[2021-06-30 20:59:44,111] multiqc.modules.fastp.fastp                        [DEBUG  ]  Read quality read2_before_filtering not found: W55_M_1_2_fastp.json
[2021-06-30 20:59:44,111] multiqc.modules.fastp.fastp                        [DEBUG  ]  Content curve data read2_before_filtering not found: W55_M_1_2_fastp.json
[2021-06-30 20:59:44,111] multiqc.modules.fastp.fastp                        [DEBUG  ]  Read quality read2_after_filtering not found: W55_M_1_2_fastp.json
[2021-06-30 20:59:44,111] multiqc.modules.fastp.fastp                        [DEBUG  ]  Content curve data read2_after_filtering not found: W55_M_1_2_fastp.json
[2021-06-30 20:59:44,113] multiqc.modules.fastp.fastp                        [DEBUG  ]  fastp JSON did not have a 'adapter_cutting' key, skipping: 'W55_M_1_3_fastp.json'
[2021-06-30 20:59:44,113] multiqc.modules.fastp.fastp                        [DEBUG  ]  Could not calculate 'pct_adapter': W55_M_1_3_fastp.json
[2021-06-30 20:59:44,113] multiqc.modules.fastp.fastp                        [DEBUG  ]  No insert size plot data: W55_M_1_3_fastp.json
[2021-06-30 20:59:44,113] multiqc.modules.fastp.fastp                        [DEBUG  ]  Read quality read2_before_filtering not found: W55_M_1_3_fastp.json
[2021-06-30 20:59:44,113] multiqc.modules.fastp.fastp                        [DEBUG  ]  Content curve data read2_before_filtering not found: W55_M_1_3_fastp.json
[2021-06-30 20:59:44,113] multiqc.modules.fastp.fastp                        [DEBUG  ]  Read quality read2_after_filtering not found: W55_M_1_3_fastp.json
[2021-06-30 20:59:44,113] multiqc.modules.fastp.fastp                        [DEBUG  ]  Content curve data read2_after_filtering not found: W55_M_1_3_fastp.json
[2021-06-30 20:59:44,115] multiqc.modules.fastp.fastp                        [DEBUG  ]  fastp JSON did not have a 'adapter_cutting' key, skipping: 'W55_M_3_3_fastp.json'
[2021-06-30 20:59:44,116] multiqc.modules.fastp.fastp                        [DEBUG  ]  Could not calculate 'pct_adapter': W55_M_3_3_fastp.json
[2021-06-30 20:59:44,116] multiqc.modules.fastp.fastp                        [DEBUG  ]  No insert size plot data: W55_M_3_3_fastp.json
[2021-06-30 20:59:44,116] multiqc.modules.fastp.fastp                        [DEBUG  ]  Read quality read2_before_filtering not found: W55_M_3_3_fastp.json
[2021-06-30 20:59:44,116] multiqc.modules.fastp.fastp                        [DEBUG  ]  Content curve data read2_before_filtering not found: W55_M_3_3_fastp.json
[2021-06-30 20:59:44,116] multiqc.modules.fastp.fastp                        [DEBUG  ]  Read quality read2_after_filtering not found: W55_M_3_3_fastp.json
[2021-06-30 20:59:44,116] multiqc.modules.fastp.fastp                        [DEBUG  ]  Content curve data read2_after_filtering not found: W55_M_3_3_fastp.json
[2021-06-30 20:59:44,118] multiqc.modules.fastp.fastp                        [DEBUG  ]  fastp JSON did not have a 'adapter_cutting' key, skipping: 'W55_M_2_4_fastp.json'
[2021-06-30 20:59:44,118] multiqc.modules.fastp.fastp                        [DEBUG  ]  Could not calculate 'pct_adapter': W55_M_2_4_fastp.json
[2021-06-30 20:59:44,118] multiqc.modules.fastp.fastp                        [DEBUG  ]  No insert size plot data: W55_M_2_4_fastp.json
[2021-06-30 20:59:44,118] multiqc.modules.fastp.fastp                        [DEBUG  ]  Read quality read2_before_filtering not found: W55_M_2_4_fastp.json
[2021-06-30 20:59:44,118] multiqc.modules.fastp.fastp                        [DEBUG  ]  Content curve data read2_before_filtering not found: W55_M_2_4_fastp.json
[2021-06-30 20:59:44,118] multiqc.modules.fastp.fastp                        [DEBUG  ]  Read quality read2_after_filtering not found: W55_M_2_4_fastp.json
[2021-06-30 20:59:44,118] multiqc.modules.fastp.fastp                        [DEBUG  ]  Content curve data read2_after_filtering not found: W55_M_2_4_fastp.json
[2021-06-30 20:59:44,120] multiqc.modules.fastp.fastp                        [DEBUG  ]  fastp JSON did not have a 'adapter_cutting' key, skipping: 'W55_V_2_4_fastp.json'
[2021-06-30 20:59:44,120] multiqc.modules.fastp.fastp                        [DEBUG  ]  Could not calculate 'pct_adapter': W55_V_2_4_fastp.json
[2021-06-30 20:59:44,120] multiqc.modules.fastp.fastp                        [DEBUG  ]  No insert size plot data: W55_V_2_4_fastp.json
[2021-06-30 20:59:44,120] multiqc.modules.fastp.fastp                        [DEBUG  ]  Read quality read2_before_filtering not found: W55_V_2_4_fastp.json
[2021-06-30 20:59:44,120] multiqc.modules.fastp.fastp                        [DEBUG  ]  Content curve data read2_before_filtering not found: W55_V_2_4_fastp.json
[2021-06-30 20:59:44,121] multiqc.modules.fastp.fastp                        [DEBUG  ]  Read quality read2_after_filtering not found: W55_V_2_4_fastp.json
[2021-06-30 20:59:44,121] multiqc.modules.fastp.fastp                        [DEBUG  ]  Content curve data read2_after_filtering not found: W55_V_2_4_fastp.json
[2021-06-30 20:59:44,123] multiqc.modules.fastp.fastp                        [DEBUG  ]  fastp JSON did not have a 'adapter_cutting' key, skipping: 'W55_V_3_4_fastp.json'
[2021-06-30 20:59:44,123] multiqc.modules.fastp.fastp                        [DEBUG  ]  Could not calculate 'pct_adapter': W55_V_3_4_fastp.json
[2021-06-30 20:59:44,123] multiqc.modules.fastp.fastp                        [DEBUG  ]  No insert size plot data: W55_V_3_4_fastp.json
[2021-06-30 20:59:44,123] multiqc.modules.fastp.fastp                        [DEBUG  ]  Read quality read2_before_filtering not found: W55_V_3_4_fastp.json
[2021-06-30 20:59:44,123] multiqc.modules.fastp.fastp                        [DEBUG  ]  Content curve data read2_before_filtering not found: W55_V_3_4_fastp.json
[2021-06-30 20:59:44,123] multiqc.modules.fastp.fastp                        [DEBUG  ]  Read quality read2_after_filtering not found: W55_V_3_4_fastp.json
[2021-06-30 20:59:44,123] multiqc.modules.fastp.fastp                        [DEBUG  ]  Content curve data read2_after_filtering not found: W55_V_3_4_fastp.json
[2021-06-30 20:59:44,125] multiqc.modules.fastp.fastp                        [DEBUG  ]  fastp JSON did not have a 'adapter_cutting' key, skipping: 'W55_V_2_1_fastp.json'
[2021-06-30 20:59:44,125] multiqc.modules.fastp.fastp                        [DEBUG  ]  Could not calculate 'pct_adapter': W55_V_2_1_fastp.json
[2021-06-30 20:59:44,125] multiqc.modules.fastp.fastp                        [DEBUG  ]  No insert size plot data: W55_V_2_1_fastp.json
[2021-06-30 20:59:44,125] multiqc.modules.fastp.fastp                        [DEBUG  ]  Read quality read2_before_filtering not found: W55_V_2_1_fastp.json
[2021-06-30 20:59:44,125] multiqc.modules.fastp.fastp                        [DEBUG  ]  Content curve data read2_before_filtering not found: W55_V_2_1_fastp.json
[2021-06-30 20:59:44,125] multiqc.modules.fastp.fastp                        [DEBUG  ]  Read quality read2_after_filtering not found: W55_V_2_1_fastp.json
[2021-06-30 20:59:44,125] multiqc.modules.fastp.fastp                        [DEBUG  ]  Content curve data read2_after_filtering not found: W55_V_2_1_fastp.json
[2021-06-30 20:59:44,128] multiqc.modules.fastp.fastp                        [DEBUG  ]  fastp JSON did not have a 'adapter_cutting' key, skipping: 'W55_V_3_3_fastp.json'
[2021-06-30 20:59:44,128] multiqc.modules.fastp.fastp                        [DEBUG  ]  Could not calculate 'pct_adapter': W55_V_3_3_fastp.json
[2021-06-30 20:59:44,128] multiqc.modules.fastp.fastp                        [DEBUG  ]  No insert size plot data: W55_V_3_3_fastp.json
[2021-06-30 20:59:44,128] multiqc.modules.fastp.fastp                        [DEBUG  ]  Read quality read2_before_filtering not found: W55_V_3_3_fastp.json
[2021-06-30 20:59:44,128] multiqc.modules.fastp.fastp                        [DEBUG  ]  Content curve data read2_before_filtering not found: W55_V_3_3_fastp.json
[2021-06-30 20:59:44,128] multiqc.modules.fastp.fastp                        [DEBUG  ]  Read quality read2_after_filtering not found: W55_V_3_3_fastp.json
[2021-06-30 20:59:44,128] multiqc.modules.fastp.fastp                        [DEBUG  ]  Content curve data read2_after_filtering not found: W55_V_3_3_fastp.json
[2021-06-30 20:59:44,130] multiqc.modules.fastp.fastp                        [DEBUG  ]  fastp JSON did not have a 'adapter_cutting' key, skipping: 'W55_M_3_4_fastp.json'
[2021-06-30 20:59:44,130] multiqc.modules.fastp.fastp                        [DEBUG  ]  Could not calculate 'pct_adapter': W55_M_3_4_fastp.json
[2021-06-30 20:59:44,130] multiqc.modules.fastp.fastp                        [DEBUG  ]  No insert size plot data: W55_M_3_4_fastp.json
[2021-06-30 20:59:44,130] multiqc.modules.fastp.fastp                        [DEBUG  ]  Read quality read2_before_filtering not found: W55_M_3_4_fastp.json
[2021-06-30 20:59:44,130] multiqc.modules.fastp.fastp                        [DEBUG  ]  Content curve data read2_before_filtering not found: W55_M_3_4_fastp.json
[2021-06-30 20:59:44,131] multiqc.modules.fastp.fastp                        [DEBUG  ]  Read quality read2_after_filtering not found: W55_M_3_4_fastp.json
[2021-06-30 20:59:44,131] multiqc.modules.fastp.fastp                        [DEBUG  ]  Content curve data read2_after_filtering not found: W55_M_3_4_fastp.json
[2021-06-30 20:59:44,133] multiqc.modules.fastp.fastp                        [DEBUG  ]  fastp JSON did not have a 'adapter_cutting' key, skipping: 'W55_V_2_3_fastp.json'
[2021-06-30 20:59:44,133] multiqc.modules.fastp.fastp                        [DEBUG  ]  Could not calculate 'pct_adapter': W55_V_2_3_fastp.json
[2021-06-30 20:59:44,133] multiqc.modules.fastp.fastp                        [DEBUG  ]  No insert size plot data: W55_V_2_3_fastp.json
[2021-06-30 20:59:44,133] multiqc.modules.fastp.fastp                        [DEBUG  ]  Read quality read2_before_filtering not found: W55_V_2_3_fastp.json
[2021-06-30 20:59:44,133] multiqc.modules.fastp.fastp                        [DEBUG  ]  Content curve data read2_before_filtering not found: W55_V_2_3_fastp.json
[2021-06-30 20:59:44,133] multiqc.modules.fastp.fastp                        [DEBUG  ]  Read quality read2_after_filtering not found: W55_V_2_3_fastp.json
[2021-06-30 20:59:44,133] multiqc.modules.fastp.fastp                        [DEBUG  ]  Content curve data read2_after_filtering not found: W55_V_2_3_fastp.json
[2021-06-30 20:59:44,134] multiqc.modules.fastp.fastp                        [INFO   ]  Found 24 reports
[2021-06-30 20:59:44,156] multiqc                                            [DEBUG  ]  No samples found: fastqc
[2021-06-30 20:59:44,159] multiqc                                            [DEBUG  ]  No samples found: pycoqc
[2021-06-30 20:59:44,161] multiqc                                            [DEBUG  ]  No samples found: minionqc
[2021-06-30 20:59:44,164] multiqc                                            [DEBUG  ]  No samples found: multivcfanalyzer
[2021-06-30 20:59:44,166] multiqc                                            [DEBUG  ]  No samples found: clusterflow
[2021-06-30 20:59:44,169] multiqc                                            [DEBUG  ]  No samples found: bcl2fastq
[2021-06-30 20:59:44,171] multiqc                                            [DEBUG  ]  No samples found: interop
[2021-06-30 20:59:44,174] multiqc                                            [DEBUG  ]  No samples found: ivar
[2021-06-30 20:59:44,176] multiqc                                            [DEBUG  ]  No samples found: flash
[2021-06-30 20:59:44,179] multiqc                                            [DEBUG  ]  No samples found: seqyclean
[2021-06-30 20:59:44,199] multiqc                                            [INFO   ]  Compressing plot data
[2021-06-30 20:59:44,570] multiqc                                            [INFO   ]  Report      : multiqc_report.html
[2021-06-30 20:59:44,570] multiqc                                            [INFO   ]  Data        : multiqc_data
[2021-06-30 20:59:44,570] multiqc                                            [DEBUG  ]  Moving data file from '/tmp/tmp8httocr6/multiqc_data' to '/scratch1/jboatw2/practice/full_test/multiqc_data'
[2021-06-30 20:59:45,686] multiqc                                            [INFO   ]  MultiQC complete
